{"name":"hexo","hostname":"DESKTOP-31DI5AI","pid":7288,"level":20,"msg":"Hexo version: \u001b[35m3.5.0\u001b[39m","time":"2018-02-07T06:22:11.259Z","v":0}
{"name":"hexo","hostname":"DESKTOP-31DI5AI","pid":7288,"level":20,"msg":"Working directory: \u001b[35mE:\\ZhaojiediProject\\github\\My_Aliyun_Hexo_Blog\\hexo\\\u001b[39m","time":"2018-02-07T06:22:11.263Z","v":0}
{"name":"hexo","hostname":"DESKTOP-31DI5AI","pid":7288,"level":20,"msg":"Config loaded: \u001b[35mE:\\ZhaojiediProject\\github\\My_Aliyun_Hexo_Blog\\hexo\\_config.yml\u001b[39m","time":"2018-02-07T06:22:11.937Z","v":0}
{"name":"hexo","hostname":"DESKTOP-31DI5AI","pid":7288,"level":20,"msg":"Plugin loaded: \u001b[35mhexo-baidu-url-push\u001b[39m","time":"2018-02-07T06:22:11.974Z","v":0}
{"name":"hexo","hostname":"DESKTOP-31DI5AI","pid":7288,"level":20,"msg":"Plugin loaded: \u001b[35mhexo-generator-archive\u001b[39m","time":"2018-02-07T06:22:12.011Z","v":0}
{"name":"hexo","hostname":"DESKTOP-31DI5AI","pid":7288,"level":20,"msg":"Plugin loaded: \u001b[35mhexo-generator-category\u001b[39m","time":"2018-02-07T06:22:12.015Z","v":0}
{"name":"hexo","hostname":"DESKTOP-31DI5AI","pid":7288,"level":20,"msg":"Plugin loaded: \u001b[35mhexo-generator-tag\u001b[39m","time":"2018-02-07T06:22:12.050Z","v":0}
{"name":"hexo","hostname":"DESKTOP-31DI5AI","pid":7288,"level":20,"msg":"Plugin loaded: \u001b[35mhexo-generator-index\u001b[39m","time":"2018-02-07T06:22:12.054Z","v":0}
{"name":"hexo","hostname":"DESKTOP-31DI5AI","pid":7288,"level":20,"msg":"Plugin loaded: \u001b[35mhexo-renderer-ejs\u001b[39m","time":"2018-02-07T06:22:12.069Z","v":0}
{"name":"hexo","hostname":"DESKTOP-31DI5AI","pid":7288,"level":20,"msg":"Plugin loaded: \u001b[35mhexo-renderer-stylus\u001b[39m","time":"2018-02-07T06:22:12.071Z","v":0}
{"name":"hexo","hostname":"DESKTOP-31DI5AI","pid":7288,"level":20,"msg":"Plugin loaded: \u001b[35mhexo-renderer-marked\u001b[39m","time":"2018-02-07T06:22:12.086Z","v":0}
{"name":"hexo","hostname":"DESKTOP-31DI5AI","pid":7288,"level":20,"msg":"Plugin loaded: \u001b[35mhexo-helper-live2d\u001b[39m","time":"2018-02-07T06:22:12.088Z","v":0}
{"name":"hexo","hostname":"DESKTOP-31DI5AI","pid":7288,"level":20,"msg":"Plugin loaded: \u001b[35mhexo-server\u001b[39m","time":"2018-02-07T06:22:12.601Z","v":0}
{"name":"hexo","hostname":"DESKTOP-31DI5AI","pid":7288,"level":20,"msg":"Plugin loaded: \u001b[35mhexo-renderer-pandoc\u001b[39m","time":"2018-02-07T06:22:12.623Z","v":0}
{"name":"hexo","hostname":"DESKTOP-31DI5AI","pid":7288,"level":20,"msg":"Plugin loaded: \u001b[35mhexo-wordcount\u001b[39m","time":"2018-02-07T06:22:12.860Z","v":0}
{"name":"hexo","hostname":"DESKTOP-31DI5AI","pid":7288,"level":20,"msg":"Script loaded: \u001b[35mthemes\\next\\scripts\\merge-configs.js\u001b[39m","time":"2018-02-07T06:22:12.886Z","v":0}
{"name":"hexo","hostname":"DESKTOP-31DI5AI","pid":7288,"level":20,"msg":"Script loaded: \u001b[35mthemes\\next\\scripts\\tags\\exturl.js\u001b[39m","time":"2018-02-07T06:22:12.888Z","v":0}
{"name":"hexo","hostname":"DESKTOP-31DI5AI","pid":7288,"level":20,"msg":"Script loaded: \u001b[35mthemes\\next\\scripts\\tags\\button.js\u001b[39m","time":"2018-02-07T06:22:12.889Z","v":0}
{"name":"hexo","hostname":"DESKTOP-31DI5AI","pid":7288,"level":20,"msg":"Script loaded: \u001b[35mthemes\\next\\scripts\\tags\\group-pictures.js\u001b[39m","time":"2018-02-07T06:22:12.890Z","v":0}
{"name":"hexo","hostname":"DESKTOP-31DI5AI","pid":7288,"level":20,"msg":"Script loaded: \u001b[35mthemes\\next\\scripts\\tags\\center-quote.js\u001b[39m","time":"2018-02-07T06:22:12.891Z","v":0}
{"name":"hexo","hostname":"DESKTOP-31DI5AI","pid":7288,"level":20,"msg":"Script loaded: \u001b[35mthemes\\next\\scripts\\tags\\label.js\u001b[39m","time":"2018-02-07T06:22:12.892Z","v":0}
{"name":"hexo","hostname":"DESKTOP-31DI5AI","pid":7288,"level":20,"msg":"Script loaded: \u001b[35mthemes\\next\\scripts\\tags\\full-image.js\u001b[39m","time":"2018-02-07T06:22:12.893Z","v":0}
{"name":"hexo","hostname":"DESKTOP-31DI5AI","pid":7288,"level":20,"msg":"Script loaded: \u001b[35mthemes\\next\\scripts\\merge.js\u001b[39m","time":"2018-02-07T06:22:12.896Z","v":0}
{"name":"hexo","hostname":"DESKTOP-31DI5AI","pid":7288,"level":20,"msg":"Script loaded: \u001b[35mthemes\\next\\scripts\\tags\\note.js\u001b[39m","time":"2018-02-07T06:22:12.897Z","v":0}
{"name":"hexo","hostname":"DESKTOP-31DI5AI","pid":7288,"level":20,"msg":"Script loaded: \u001b[35mthemes\\next\\scripts\\tags\\lazy-image.js\u001b[39m","time":"2018-02-07T06:22:12.897Z","v":0}
{"name":"hexo","hostname":"DESKTOP-31DI5AI","pid":7288,"level":20,"msg":"Script loaded: \u001b[35mthemes\\next\\scripts\\tags\\tabs.js\u001b[39m","time":"2018-02-07T06:22:12.898Z","v":0}
{"name":"hexo","hostname":"DESKTOP-31DI5AI","pid":7288,"level":20,"msg":"Database saved","time":"2018-02-07T06:22:12.905Z","v":0}
{"name":"hexo","hostname":"DESKTOP-31DI5AI","pid":12808,"level":20,"msg":"Hexo version: \u001b[35m3.5.0\u001b[39m","time":"2018-02-07T08:10:04.589Z","v":0}
{"name":"hexo","hostname":"DESKTOP-31DI5AI","pid":12808,"level":20,"msg":"Working directory: \u001b[35mE:\\ZhaojiediProject\\github\\My_Aliyun_Hexo_Blog\\hexo\\\u001b[39m","time":"2018-02-07T08:10:04.595Z","v":0}
{"name":"hexo","hostname":"DESKTOP-31DI5AI","pid":12808,"level":20,"msg":"Config loaded: \u001b[35mE:\\ZhaojiediProject\\github\\My_Aliyun_Hexo_Blog\\hexo\\_config.yml\u001b[39m","time":"2018-02-07T08:10:04.710Z","v":0}
{"name":"hexo","hostname":"DESKTOP-31DI5AI","pid":12808,"level":20,"msg":"Plugin loaded: \u001b[35mhexo-generator-baidu-sitemap\u001b[39m","time":"2018-02-07T08:10:04.724Z","v":0}
{"name":"hexo","hostname":"DESKTOP-31DI5AI","pid":12808,"level":20,"msg":"Plugin loaded: \u001b[35mhexo-generator-index\u001b[39m","time":"2018-02-07T08:10:04.727Z","v":0}
{"name":"hexo","hostname":"DESKTOP-31DI5AI","pid":12808,"level":20,"msg":"Plugin loaded: \u001b[35mhexo-generator-category\u001b[39m","time":"2018-02-07T08:10:04.729Z","v":0}
{"name":"hexo","hostname":"DESKTOP-31DI5AI","pid":12808,"level":20,"msg":"Plugin loaded: \u001b[35mhexo-generator-archive\u001b[39m","time":"2018-02-07T08:10:04.732Z","v":0}
{"name":"hexo","hostname":"DESKTOP-31DI5AI","pid":12808,"level":20,"msg":"Plugin loaded: \u001b[35mhexo-generator-tag\u001b[39m","time":"2018-02-07T08:10:04.734Z","v":0}
{"name":"hexo","hostname":"DESKTOP-31DI5AI","pid":12808,"level":20,"msg":"Plugin loaded: \u001b[35mhexo-generator-sitemap\u001b[39m","time":"2018-02-07T08:10:04.739Z","v":0}
{"name":"hexo","hostname":"DESKTOP-31DI5AI","pid":12808,"level":20,"msg":"Plugin loaded: \u001b[35mhexo-renderer-ejs\u001b[39m","time":"2018-02-07T08:10:04.743Z","v":0}
{"name":"hexo","hostname":"DESKTOP-31DI5AI","pid":12808,"level":20,"msg":"Plugin loaded: \u001b[35mhexo-helper-live2d\u001b[39m","time":"2018-02-07T08:10:04.744Z","v":0}
{"name":"hexo","hostname":"DESKTOP-31DI5AI","pid":12808,"level":20,"msg":"Plugin loaded: \u001b[35mhexo-renderer-marked\u001b[39m","time":"2018-02-07T08:10:04.750Z","v":0}
{"name":"hexo","hostname":"DESKTOP-31DI5AI","pid":12808,"level":20,"msg":"Plugin loaded: \u001b[35mhexo-renderer-pandoc\u001b[39m","time":"2018-02-07T08:10:04.752Z","v":0}
{"name":"hexo","hostname":"DESKTOP-31DI5AI","pid":12808,"level":20,"msg":"Plugin loaded: \u001b[35mhexo-server\u001b[39m","time":"2018-02-07T08:10:04.827Z","v":0}
{"name":"hexo","hostname":"DESKTOP-31DI5AI","pid":12808,"level":20,"msg":"Plugin loaded: \u001b[35mhexo-renderer-stylus\u001b[39m","time":"2018-02-07T08:10:04.831Z","v":0}
{"name":"hexo","hostname":"DESKTOP-31DI5AI","pid":12808,"level":20,"msg":"Plugin loaded: \u001b[35mhexo-wordcount\u001b[39m","time":"2018-02-07T08:10:04.872Z","v":0}
{"name":"hexo","hostname":"DESKTOP-31DI5AI","pid":12808,"level":20,"msg":"Script loaded: \u001b[35mthemes\\next\\scripts\\merge-configs.js\u001b[39m","time":"2018-02-07T08:10:04.882Z","v":0}
{"name":"hexo","hostname":"DESKTOP-31DI5AI","pid":12808,"level":20,"msg":"Script loaded: \u001b[35mthemes\\next\\scripts\\tags\\center-quote.js\u001b[39m","time":"2018-02-07T08:10:04.883Z","v":0}
{"name":"hexo","hostname":"DESKTOP-31DI5AI","pid":12808,"level":20,"msg":"Script loaded: \u001b[35mthemes\\next\\scripts\\tags\\button.js\u001b[39m","time":"2018-02-07T08:10:04.883Z","v":0}
{"name":"hexo","hostname":"DESKTOP-31DI5AI","pid":12808,"level":20,"msg":"Script loaded: \u001b[35mthemes\\next\\scripts\\tags\\lazy-image.js\u001b[39m","time":"2018-02-07T08:10:04.884Z","v":0}
{"name":"hexo","hostname":"DESKTOP-31DI5AI","pid":12808,"level":20,"msg":"Script loaded: \u001b[35mthemes\\next\\scripts\\tags\\exturl.js\u001b[39m","time":"2018-02-07T08:10:04.885Z","v":0}
{"name":"hexo","hostname":"DESKTOP-31DI5AI","pid":12808,"level":20,"msg":"Script loaded: \u001b[35mthemes\\next\\scripts\\tags\\group-pictures.js\u001b[39m","time":"2018-02-07T08:10:04.886Z","v":0}
{"name":"hexo","hostname":"DESKTOP-31DI5AI","pid":12808,"level":20,"msg":"Script loaded: \u001b[35mthemes\\next\\scripts\\merge.js\u001b[39m","time":"2018-02-07T08:10:04.889Z","v":0}
{"name":"hexo","hostname":"DESKTOP-31DI5AI","pid":12808,"level":20,"msg":"Script loaded: \u001b[35mthemes\\next\\scripts\\tags\\label.js\u001b[39m","time":"2018-02-07T08:10:04.889Z","v":0}
{"name":"hexo","hostname":"DESKTOP-31DI5AI","pid":12808,"level":20,"msg":"Script loaded: \u001b[35mthemes\\next\\scripts\\tags\\full-image.js\u001b[39m","time":"2018-02-07T08:10:04.890Z","v":0}
{"name":"hexo","hostname":"DESKTOP-31DI5AI","pid":12808,"level":20,"msg":"Script loaded: \u001b[35mthemes\\next\\scripts\\tags\\tabs.js\u001b[39m","time":"2018-02-07T08:10:04.891Z","v":0}
{"name":"hexo","hostname":"DESKTOP-31DI5AI","pid":12808,"level":20,"msg":"Script loaded: \u001b[35mthemes\\next\\scripts\\tags\\note.js\u001b[39m","time":"2018-02-07T08:10:04.893Z","v":0}
{"name":"hexo","hostname":"DESKTOP-31DI5AI","pid":12808,"level":20,"msg":"Database saved","time":"2018-02-07T08:10:04.899Z","v":0}
{"name":"hexo","hostname":"DESKTOP-31DI5AI","pid":3172,"level":20,"msg":"Hexo version: \u001b[35m3.5.0\u001b[39m","time":"2018-02-07T11:17:18.379Z","v":0}
{"name":"hexo","hostname":"DESKTOP-31DI5AI","pid":3172,"level":20,"msg":"Working directory: \u001b[35mE:\\ZhaojiediProject\\github\\My_Aliyun_Hexo_Blog\\hexo\\\u001b[39m","time":"2018-02-07T11:17:18.382Z","v":0}
{"name":"hexo","hostname":"DESKTOP-31DI5AI","pid":3172,"level":20,"msg":"Config loaded: \u001b[35mE:\\ZhaojiediProject\\github\\My_Aliyun_Hexo_Blog\\hexo\\_config.yml\u001b[39m","time":"2018-02-07T11:17:18.516Z","v":0}
{"name":"hexo","hostname":"DESKTOP-31DI5AI","pid":3172,"level":20,"msg":"Plugin loaded: \u001b[35mhexo-generator-baidu-sitemap\u001b[39m","time":"2018-02-07T11:17:18.531Z","v":0}
{"name":"hexo","hostname":"DESKTOP-31DI5AI","pid":3172,"level":20,"msg":"Plugin loaded: \u001b[35mhexo-generator-archive\u001b[39m","time":"2018-02-07T11:17:18.536Z","v":0}
{"name":"hexo","hostname":"DESKTOP-31DI5AI","pid":3172,"level":20,"msg":"Plugin loaded: \u001b[35mhexo-generator-sitemap\u001b[39m","time":"2018-02-07T11:17:18.539Z","v":0}
{"name":"hexo","hostname":"DESKTOP-31DI5AI","pid":3172,"level":20,"msg":"Plugin loaded: \u001b[35mhexo-generator-category\u001b[39m","time":"2018-02-07T11:17:18.542Z","v":0}
{"name":"hexo","hostname":"DESKTOP-31DI5AI","pid":3172,"level":20,"msg":"Plugin loaded: \u001b[35mhexo-generator-index\u001b[39m","time":"2018-02-07T11:17:18.543Z","v":0}
{"name":"hexo","hostname":"DESKTOP-31DI5AI","pid":3172,"level":20,"msg":"Plugin loaded: \u001b[35mhexo-generator-tag\u001b[39m","time":"2018-02-07T11:17:18.546Z","v":0}
{"name":"hexo","hostname":"DESKTOP-31DI5AI","pid":3172,"level":20,"msg":"Plugin loaded: \u001b[35mhexo-generator-search\u001b[39m","time":"2018-02-07T11:17:18.551Z","v":0}
{"name":"hexo","hostname":"DESKTOP-31DI5AI","pid":3172,"level":20,"msg":"Plugin loaded: \u001b[35mhexo-helper-live2d\u001b[39m","time":"2018-02-07T11:17:18.552Z","v":0}
{"name":"hexo","hostname":"DESKTOP-31DI5AI","pid":3172,"level":20,"msg":"Plugin loaded: \u001b[35mhexo-renderer-ejs\u001b[39m","time":"2018-02-07T11:17:18.556Z","v":0}
{"name":"hexo","hostname":"DESKTOP-31DI5AI","pid":3172,"level":20,"msg":"Plugin loaded: \u001b[35mhexo-renderer-marked\u001b[39m","time":"2018-02-07T11:17:18.562Z","v":0}
{"name":"hexo","hostname":"DESKTOP-31DI5AI","pid":3172,"level":20,"msg":"Plugin loaded: \u001b[35mhexo-renderer-pandoc\u001b[39m","time":"2018-02-07T11:17:18.563Z","v":0}
{"name":"hexo","hostname":"DESKTOP-31DI5AI","pid":3172,"level":20,"msg":"Plugin loaded: \u001b[35mhexo-renderer-stylus\u001b[39m","time":"2018-02-07T11:17:18.565Z","v":0}
{"name":"hexo","hostname":"DESKTOP-31DI5AI","pid":3172,"level":20,"msg":"Plugin loaded: \u001b[35mhexo-server\u001b[39m","time":"2018-02-07T11:17:18.650Z","v":0}
{"name":"hexo","hostname":"DESKTOP-31DI5AI","pid":3172,"level":20,"msg":"Plugin loaded: \u001b[35mhexo-wordcount\u001b[39m","time":"2018-02-07T11:17:18.693Z","v":0}
{"name":"hexo","hostname":"DESKTOP-31DI5AI","pid":3172,"level":20,"msg":"Script loaded: \u001b[35mthemes\\next\\scripts\\tags\\exturl.js\u001b[39m","time":"2018-02-07T11:17:18.700Z","v":0}
{"name":"hexo","hostname":"DESKTOP-31DI5AI","pid":3172,"level":20,"msg":"Script loaded: \u001b[35mthemes\\next\\scripts\\tags\\center-quote.js\u001b[39m","time":"2018-02-07T11:17:18.701Z","v":0}
{"name":"hexo","hostname":"DESKTOP-31DI5AI","pid":3172,"level":20,"msg":"Script loaded: \u001b[35mthemes\\next\\scripts\\merge-configs.js\u001b[39m","time":"2018-02-07T11:17:18.704Z","v":0}
{"name":"hexo","hostname":"DESKTOP-31DI5AI","pid":3172,"level":20,"msg":"Script loaded: \u001b[35mthemes\\next\\scripts\\tags\\button.js\u001b[39m","time":"2018-02-07T11:17:18.705Z","v":0}
{"name":"hexo","hostname":"DESKTOP-31DI5AI","pid":3172,"level":20,"msg":"Script loaded: \u001b[35mthemes\\next\\scripts\\tags\\label.js\u001b[39m","time":"2018-02-07T11:17:18.706Z","v":0}
{"name":"hexo","hostname":"DESKTOP-31DI5AI","pid":3172,"level":20,"msg":"Script loaded: \u001b[35mthemes\\next\\scripts\\tags\\full-image.js\u001b[39m","time":"2018-02-07T11:17:18.707Z","v":0}
{"name":"hexo","hostname":"DESKTOP-31DI5AI","pid":3172,"level":20,"msg":"Script loaded: \u001b[35mthemes\\next\\scripts\\merge.js\u001b[39m","time":"2018-02-07T11:17:18.709Z","v":0}
{"name":"hexo","hostname":"DESKTOP-31DI5AI","pid":3172,"level":20,"msg":"Script loaded: \u001b[35mthemes\\next\\scripts\\tags\\group-pictures.js\u001b[39m","time":"2018-02-07T11:17:18.710Z","v":0}
{"name":"hexo","hostname":"DESKTOP-31DI5AI","pid":3172,"level":20,"msg":"Script loaded: \u001b[35mthemes\\next\\scripts\\tags\\lazy-image.js\u001b[39m","time":"2018-02-07T11:17:18.711Z","v":0}
{"name":"hexo","hostname":"DESKTOP-31DI5AI","pid":3172,"level":20,"msg":"Script loaded: \u001b[35mthemes\\next\\scripts\\tags\\tabs.js\u001b[39m","time":"2018-02-07T11:17:18.712Z","v":0}
{"name":"hexo","hostname":"DESKTOP-31DI5AI","pid":3172,"level":20,"msg":"Script loaded: \u001b[35mthemes\\next\\scripts\\tags\\note.js\u001b[39m","time":"2018-02-07T11:17:18.713Z","v":0}
{"name":"hexo","hostname":"DESKTOP-31DI5AI","pid":3172,"level":20,"msg":"Database saved","time":"2018-02-07T11:17:18.719Z","v":0}
{"name":"hexo","hostname":"DESKTOP-31DI5AI","pid":18100,"level":20,"msg":"Hexo version: \u001b[35m3.5.0\u001b[39m","time":"2018-02-08T02:42:51.278Z","v":0}
{"name":"hexo","hostname":"DESKTOP-31DI5AI","pid":18100,"level":20,"msg":"Working directory: \u001b[35mE:\\ZhaojiediProject\\github\\My_Aliyun_Hexo_Blog\\hexo\\\u001b[39m","time":"2018-02-08T02:42:51.281Z","v":0}
{"name":"hexo","hostname":"DESKTOP-31DI5AI","pid":18100,"level":20,"msg":"Config loaded: \u001b[35mE:\\ZhaojiediProject\\github\\My_Aliyun_Hexo_Blog\\hexo\\_config.yml\u001b[39m","time":"2018-02-08T02:42:51.388Z","v":0}
{"name":"hexo","hostname":"DESKTOP-31DI5AI","pid":18100,"level":20,"msg":"Plugin loaded: \u001b[35mhexo-algolia\u001b[39m","time":"2018-02-08T02:42:51.420Z","v":0}
{"name":"hexo","hostname":"DESKTOP-31DI5AI","pid":18100,"level":20,"msg":"Plugin loaded: \u001b[35mhexo-generator-baidu-sitemap\u001b[39m","time":"2018-02-08T02:42:51.425Z","v":0}
{"name":"hexo","hostname":"DESKTOP-31DI5AI","pid":18100,"level":20,"msg":"Plugin loaded: \u001b[35mhexo-generator-archive\u001b[39m","time":"2018-02-08T02:42:51.428Z","v":0}
{"name":"hexo","hostname":"DESKTOP-31DI5AI","pid":18100,"level":20,"msg":"Plugin loaded: \u001b[35mhexo-generator-category\u001b[39m","time":"2018-02-08T02:42:51.431Z","v":0}
{"name":"hexo","hostname":"DESKTOP-31DI5AI","pid":18100,"level":20,"msg":"Plugin loaded: \u001b[35mhexo-generator-search\u001b[39m","time":"2018-02-08T02:42:51.435Z","v":0}
{"name":"hexo","hostname":"DESKTOP-31DI5AI","pid":18100,"level":20,"msg":"Plugin loaded: \u001b[35mhexo-generator-sitemap\u001b[39m","time":"2018-02-08T02:42:51.438Z","v":0}
{"name":"hexo","hostname":"DESKTOP-31DI5AI","pid":18100,"level":20,"msg":"Plugin loaded: \u001b[35mhexo-generator-topindex\u001b[39m","time":"2018-02-08T02:42:51.439Z","v":0}
{"name":"hexo","hostname":"DESKTOP-31DI5AI","pid":18100,"level":20,"msg":"Plugin loaded: \u001b[35mhexo-helper-live2d\u001b[39m","time":"2018-02-08T02:42:51.441Z","v":0}
{"name":"hexo","hostname":"DESKTOP-31DI5AI","pid":18100,"level":20,"msg":"Plugin loaded: \u001b[35mhexo-generator-tag\u001b[39m","time":"2018-02-08T02:42:51.442Z","v":0}
{"name":"hexo","hostname":"DESKTOP-31DI5AI","pid":18100,"level":20,"msg":"Plugin loaded: \u001b[35mhexo-renderer-ejs\u001b[39m","time":"2018-02-08T02:42:51.446Z","v":0}
{"name":"hexo","hostname":"DESKTOP-31DI5AI","pid":18100,"level":20,"msg":"Plugin loaded: \u001b[35mhexo-renderer-marked\u001b[39m","time":"2018-02-08T02:42:51.451Z","v":0}
{"name":"hexo","hostname":"DESKTOP-31DI5AI","pid":18100,"level":20,"msg":"Plugin loaded: \u001b[35mhexo-renderer-stylus\u001b[39m","time":"2018-02-08T02:42:51.452Z","v":0}
{"name":"hexo","hostname":"DESKTOP-31DI5AI","pid":18100,"level":20,"msg":"Plugin loaded: \u001b[35mhexo-wordcount\u001b[39m","time":"2018-02-08T02:42:51.493Z","v":0}
{"name":"hexo","hostname":"DESKTOP-31DI5AI","pid":18100,"level":20,"msg":"Plugin loaded: \u001b[35mhexo-renderer-pandoc\u001b[39m","time":"2018-02-08T02:42:51.494Z","v":0}
{"name":"hexo","hostname":"DESKTOP-31DI5AI","pid":18100,"level":20,"msg":"Plugin loaded: \u001b[35mhexo-server\u001b[39m","time":"2018-02-08T02:42:51.563Z","v":0}
{"name":"hexo","hostname":"DESKTOP-31DI5AI","pid":18100,"level":20,"msg":"Script loaded: \u001b[35mthemes\\next2\\scripts\\merge-configs.js\u001b[39m","time":"2018-02-08T02:42:51.570Z","v":0}
{"name":"hexo","hostname":"DESKTOP-31DI5AI","pid":18100,"level":20,"msg":"Script loaded: \u001b[35mthemes\\next2\\scripts\\tags\\exturl.js\u001b[39m","time":"2018-02-08T02:42:51.572Z","v":0}
{"name":"hexo","hostname":"DESKTOP-31DI5AI","pid":18100,"level":20,"msg":"Script loaded: \u001b[35mthemes\\next2\\scripts\\tags\\full-image.js\u001b[39m","time":"2018-02-08T02:42:51.573Z","v":0}
{"name":"hexo","hostname":"DESKTOP-31DI5AI","pid":18100,"level":20,"msg":"Script loaded: \u001b[35mthemes\\next2\\scripts\\tags\\center-quote.js\u001b[39m","time":"2018-02-08T02:42:51.574Z","v":0}
{"name":"hexo","hostname":"DESKTOP-31DI5AI","pid":18100,"level":20,"msg":"Script loaded: \u001b[35mthemes\\next2\\scripts\\tags\\button.js\u001b[39m","time":"2018-02-08T02:42:51.575Z","v":0}
{"name":"hexo","hostname":"DESKTOP-31DI5AI","pid":18100,"level":20,"msg":"Script loaded: \u001b[35mthemes\\next2\\scripts\\tags\\label.js\u001b[39m","time":"2018-02-08T02:42:51.576Z","v":0}
{"name":"hexo","hostname":"DESKTOP-31DI5AI","pid":18100,"level":20,"msg":"Script loaded: \u001b[35mthemes\\next2\\scripts\\merge.js\u001b[39m","time":"2018-02-08T02:42:51.578Z","v":0}
{"name":"hexo","hostname":"DESKTOP-31DI5AI","pid":18100,"level":20,"msg":"Script loaded: \u001b[35mthemes\\next2\\scripts\\tags\\group-pictures.js\u001b[39m","time":"2018-02-08T02:42:51.580Z","v":0}
{"name":"hexo","hostname":"DESKTOP-31DI5AI","pid":18100,"level":20,"msg":"Script loaded: \u001b[35mthemes\\next2\\scripts\\tags\\tabs.js\u001b[39m","time":"2018-02-08T02:42:51.581Z","v":0}
{"name":"hexo","hostname":"DESKTOP-31DI5AI","pid":18100,"level":20,"msg":"Script loaded: \u001b[35mthemes\\next2\\scripts\\tags\\note.js\u001b[39m","time":"2018-02-08T02:42:51.583Z","v":0}
{"name":"hexo","hostname":"DESKTOP-31DI5AI","pid":18100,"level":20,"msg":"Script loaded: \u001b[35mthemes\\next2\\scripts\\tags\\lazy-image.js\u001b[39m","time":"2018-02-08T02:42:51.583Z","v":0}
{"name":"hexo","hostname":"DESKTOP-31DI5AI","pid":18100,"level":20,"msg":"Database saved","time":"2018-02-08T02:42:51.589Z","v":0}
{"name":"hexo","hostname":"DESKTOP-31DI5AI","pid":17884,"level":20,"msg":"Hexo version: \u001b[35m3.5.0\u001b[39m","time":"2018-02-08T02:44:55.142Z","v":0}
{"name":"hexo","hostname":"DESKTOP-31DI5AI","pid":17884,"level":20,"msg":"Working directory: \u001b[35mE:\\ZhaojiediProject\\github\\My_Aliyun_Hexo_Blog\\hexo\\\u001b[39m","time":"2018-02-08T02:44:55.145Z","v":0}
{"name":"hexo","hostname":"DESKTOP-31DI5AI","pid":17884,"level":20,"msg":"Config loaded: \u001b[35mE:\\ZhaojiediProject\\github\\My_Aliyun_Hexo_Blog\\hexo\\_config.yml\u001b[39m","time":"2018-02-08T02:44:55.251Z","v":0}
{"name":"hexo","hostname":"DESKTOP-31DI5AI","pid":17884,"level":20,"msg":"Plugin loaded: \u001b[35mhexo-generator-archive\u001b[39m","time":"2018-02-08T02:44:55.264Z","v":0}
{"name":"hexo","hostname":"DESKTOP-31DI5AI","pid":17884,"level":20,"msg":"Plugin loaded: \u001b[35mhexo-generator-baidu-sitemap\u001b[39m","time":"2018-02-08T02:44:55.269Z","v":0}
{"name":"hexo","hostname":"DESKTOP-31DI5AI","pid":17884,"level":20,"msg":"Plugin loaded: \u001b[35mhexo-algolia\u001b[39m","time":"2018-02-08T02:44:55.290Z","v":0}
{"name":"hexo","hostname":"DESKTOP-31DI5AI","pid":17884,"level":20,"msg":"Plugin loaded: \u001b[35mhexo-generator-tag\u001b[39m","time":"2018-02-08T02:44:55.293Z","v":0}
{"name":"hexo","hostname":"DESKTOP-31DI5AI","pid":17884,"level":20,"msg":"Plugin loaded: \u001b[35mhexo-generator-sitemap\u001b[39m","time":"2018-02-08T02:44:55.296Z","v":0}
{"name":"hexo","hostname":"DESKTOP-31DI5AI","pid":17884,"level":20,"msg":"Plugin loaded: \u001b[35mhexo-generator-topindex\u001b[39m","time":"2018-02-08T02:44:55.297Z","v":0}
{"name":"hexo","hostname":"DESKTOP-31DI5AI","pid":17884,"level":20,"msg":"Plugin loaded: \u001b[35mhexo-helper-live2d\u001b[39m","time":"2018-02-08T02:44:55.298Z","v":0}
{"name":"hexo","hostname":"DESKTOP-31DI5AI","pid":17884,"level":20,"msg":"Plugin loaded: \u001b[35mhexo-generator-search\u001b[39m","time":"2018-02-08T02:44:55.302Z","v":0}
{"name":"hexo","hostname":"DESKTOP-31DI5AI","pid":17884,"level":20,"msg":"Plugin loaded: \u001b[35mhexo-generator-category\u001b[39m","time":"2018-02-08T02:44:55.304Z","v":0}
{"name":"hexo","hostname":"DESKTOP-31DI5AI","pid":17884,"level":20,"msg":"Plugin loaded: \u001b[35mhexo-renderer-ejs\u001b[39m","time":"2018-02-08T02:44:55.307Z","v":0}
{"name":"hexo","hostname":"DESKTOP-31DI5AI","pid":17884,"level":20,"msg":"Plugin loaded: \u001b[35mhexo-renderer-marked\u001b[39m","time":"2018-02-08T02:44:55.313Z","v":0}
{"name":"hexo","hostname":"DESKTOP-31DI5AI","pid":17884,"level":20,"msg":"Plugin loaded: \u001b[35mhexo-renderer-pandoc\u001b[39m","time":"2018-02-08T02:44:55.314Z","v":0}
{"name":"hexo","hostname":"DESKTOP-31DI5AI","pid":17884,"level":20,"msg":"Plugin loaded: \u001b[35mhexo-renderer-stylus\u001b[39m","time":"2018-02-08T02:44:55.315Z","v":0}
{"name":"hexo","hostname":"DESKTOP-31DI5AI","pid":17884,"level":20,"msg":"Plugin loaded: \u001b[35mhexo-server\u001b[39m","time":"2018-02-08T02:44:55.384Z","v":0}
{"name":"hexo","hostname":"DESKTOP-31DI5AI","pid":17884,"level":20,"msg":"Plugin loaded: \u001b[35mhexo-wordcount\u001b[39m","time":"2018-02-08T02:44:55.426Z","v":0}
{"name":"hexo","hostname":"DESKTOP-31DI5AI","pid":17884,"level":20,"msg":"Script loaded: \u001b[35mthemes\\next2\\scripts\\merge-configs.js\u001b[39m","time":"2018-02-08T02:44:55.434Z","v":0}
{"name":"hexo","hostname":"DESKTOP-31DI5AI","pid":17884,"level":20,"msg":"Script loaded: \u001b[35mthemes\\next2\\scripts\\tags\\center-quote.js\u001b[39m","time":"2018-02-08T02:44:55.435Z","v":0}
{"name":"hexo","hostname":"DESKTOP-31DI5AI","pid":17884,"level":20,"msg":"Script loaded: \u001b[35mthemes\\next2\\scripts\\tags\\exturl.js\u001b[39m","time":"2018-02-08T02:44:55.436Z","v":0}
{"name":"hexo","hostname":"DESKTOP-31DI5AI","pid":17884,"level":20,"msg":"Script loaded: \u001b[35mthemes\\next2\\scripts\\tags\\button.js\u001b[39m","time":"2018-02-08T02:44:55.437Z","v":0}
{"name":"hexo","hostname":"DESKTOP-31DI5AI","pid":17884,"level":20,"msg":"Script loaded: \u001b[35mthemes\\next2\\scripts\\tags\\label.js\u001b[39m","time":"2018-02-08T02:44:55.438Z","v":0}
{"name":"hexo","hostname":"DESKTOP-31DI5AI","pid":17884,"level":20,"msg":"Script loaded: \u001b[35mthemes\\next2\\scripts\\tags\\note.js\u001b[39m","time":"2018-02-08T02:44:55.438Z","v":0}
{"name":"hexo","hostname":"DESKTOP-31DI5AI","pid":17884,"level":20,"msg":"Script loaded: \u001b[35mthemes\\next2\\scripts\\tags\\group-pictures.js\u001b[39m","time":"2018-02-08T02:44:55.439Z","v":0}
{"name":"hexo","hostname":"DESKTOP-31DI5AI","pid":17884,"level":20,"msg":"Script loaded: \u001b[35mthemes\\next2\\scripts\\tags\\full-image.js\u001b[39m","time":"2018-02-08T02:44:55.440Z","v":0}
{"name":"hexo","hostname":"DESKTOP-31DI5AI","pid":17884,"level":20,"msg":"Script loaded: \u001b[35mthemes\\next2\\scripts\\merge.js\u001b[39m","time":"2018-02-08T02:44:55.443Z","v":0}
{"name":"hexo","hostname":"DESKTOP-31DI5AI","pid":17884,"level":20,"msg":"Script loaded: \u001b[35mthemes\\next2\\scripts\\tags\\lazy-image.js\u001b[39m","time":"2018-02-08T02:44:55.443Z","v":0}
{"name":"hexo","hostname":"DESKTOP-31DI5AI","pid":17884,"level":20,"msg":"Script loaded: \u001b[35mthemes\\next2\\scripts\\tags\\tabs.js\u001b[39m","time":"2018-02-08T02:44:55.444Z","v":0}
{"name":"hexo","hostname":"DESKTOP-31DI5AI","pid":17884,"level":20,"msg":"Database saved","time":"2018-02-08T02:44:55.454Z","v":0}
